
************************ setup ************************
  file loaded:		benchs/optim/medium/ex2_1_9.bch
  random seed:		1
  output COV file:	benchs/optim/medium/ex2_1_9.cov
*******************************************************

running............

[32m optimization successful!
[0m
 f* in	[-0.375375382132,-0.375000006749]
	(best bound)

 x* =	(0 ; 0 ; 0 ; 0.25 ; 0.249999996251 ; 0.25000001275 ; 0.25 ; 0 ; 0 ; 0)
	(best feasible point)

 relative precision on f*:	0.001[32m [passed] [0m
 absolute precision on f*:	0.000375375382133
 cpu time used:			7.42316000001s
 number of cells:		5116

 results written in benchs/optim/medium/ex2_1_9.cov

************************ setup ************************
  file loaded:		benchs/optim/medium/ex2_1_9.bch
  random seed:		1
  output COV file:	benchs/optim/medium/ex2_1_9.cov
*******************************************************

running............

[32m optimization successful!
[0m
 f* in	[-0.375375382132,-0.375000006749]
	(best bound)

 x* =	(0 ; 0 ; 0 ; 0.25 ; 0.249999996251 ; 0.25000001275 ; 0.25 ; 0 ; 0 ; 0)
	(best feasible point)

 relative precision on f*:	0.001[32m [passed] [0m
 absolute precision on f*:	0.000375375382133
 cpu time used:			7.67268300001s
 number of cells:		5116

 results written in benchs/optim/medium/ex2_1_9.cov
 (old file saved in benchs/optim/medium/ex2_1_9.cov~)

************************ setup ************************
  file loaded:		benchs/optim/medium/ex2_1_9.bch
  random seed:		1
  output COV file:	benchs/optim/medium/ex2_1_9.cov
*******************************************************

running............

[32m optimization successful!
[0m
 f* in	[-0.375375382132,-0.375000006749]
	(best bound)

 x* =	(0 ; 0 ; 0 ; 0.25 ; 0.249999996251 ; 0.25000001275 ; 0.25 ; 0 ; 0 ; 0)
	(best feasible point)

 relative precision on f*:	0.001[32m [passed] [0m
 absolute precision on f*:	0.000375375382133
 cpu time used:			7.75194400001s
 number of cells:		5116

 results written in benchs/optim/medium/ex2_1_9.cov
 (old file saved in benchs/optim/medium/ex2_1_9.cov~)

************************ setup ************************
  file loaded:		benchs/optim/medium/ex2_1_9.bch
  random seed:		1
  output COV file:	benchs/optim/medium/ex2_1_9.cov
*******************************************************

running............

[32m optimization successful!
[0m
 f* in	[-0.375375382132,-0.375000006749]
	(best bound)

 x* =	(0 ; 0 ; 0 ; 0.25 ; 0.249999996251 ; 0.25000001275 ; 0.25 ; 0 ; 0 ; 0)
	(best feasible point)

 relative precision on f*:	0.001[32m [passed] [0m
 absolute precision on f*:	0.000375375382133
 cpu time used:			7.72973600001s
 number of cells:		5116

 results written in benchs/optim/medium/ex2_1_9.cov
 (old file saved in benchs/optim/medium/ex2_1_9.cov~)

************************ setup ************************
  file loaded:		benchs/optim/medium/ex2_1_9.bch
  random seed:		1
  output COV file:	benchs/optim/medium/ex2_1_9.cov
*******************************************************

running............

[32m optimization successful!
[0m
 f* in	[-0.375375382132,-0.375000006749]
	(best bound)

 x* =	(0 ; 0 ; 0 ; 0.25 ; 0.249999996251 ; 0.25000001275 ; 0.25 ; 0 ; 0 ; 0)
	(best feasible point)

 relative precision on f*:	0.001[32m [passed] [0m
 absolute precision on f*:	0.000375375382133
 cpu time used:			7.60874400001s
 number of cells:		5116

 results written in benchs/optim/medium/ex2_1_9.cov
 (old file saved in benchs/optim/medium/ex2_1_9.cov~)

************************ setup ************************
  file loaded:		benchs/optim/medium/ex2_1_9.bch
  random seed:		2
  output COV file:	benchs/optim/medium/ex2_1_9.cov
*******************************************************

running............

[32m optimization successful!
[0m
 f* in	[-0.375375382132,-0.375000006749]
	(best bound)

 x* =	(0 ; 0 ; 0 ; 0.25 ; 0.25 ; 0.250000009 ; 0.25 ; 0 ; 0 ; 0)
	(best feasible point)

 relative precision on f*:	0.001[32m [passed] [0m
 absolute precision on f*:	0.000375375382133
 cpu time used:			7.79078700001s
 number of cells:		5176

 results written in benchs/optim/medium/ex2_1_9.cov
 (old file saved in benchs/optim/medium/ex2_1_9.cov~)

************************ setup ************************
  file loaded:		benchs/optim/medium/ex2_1_9.bch
  random seed:		2
  output COV file:	benchs/optim/medium/ex2_1_9.cov
*******************************************************

running............

[32m optimization successful!
[0m
 f* in	[-0.375375382132,-0.375000006749]
	(best bound)

 x* =	(0 ; 0 ; 0 ; 0.25 ; 0.25 ; 0.250000009 ; 0.25 ; 0 ; 0 ; 0)
	(best feasible point)

 relative precision on f*:	0.001[32m [passed] [0m
 absolute precision on f*:	0.000375375382133
 cpu time used:			8.14267600001s
 number of cells:		5176

 results written in benchs/optim/medium/ex2_1_9.cov
 (old file saved in benchs/optim/medium/ex2_1_9.cov~)

************************ setup ************************
  file loaded:		benchs/optim/medium/ex2_1_9.bch
  random seed:		2
  output COV file:	benchs/optim/medium/ex2_1_9.cov
*******************************************************

running............

[32m optimization successful!
[0m
 f* in	[-0.375375382132,-0.375000006749]
	(best bound)

 x* =	(0 ; 0 ; 0 ; 0.25 ; 0.25 ; 0.250000009 ; 0.25 ; 0 ; 0 ; 0)
	(best feasible point)

 relative precision on f*:	0.001[32m [passed] [0m
 absolute precision on f*:	0.000375375382133
 cpu time used:			7.84729800001s
 number of cells:		5176

 results written in benchs/optim/medium/ex2_1_9.cov
 (old file saved in benchs/optim/medium/ex2_1_9.cov~)

************************ setup ************************
  file loaded:		benchs/optim/medium/ex2_1_9.bch
  random seed:		2
  output COV file:	benchs/optim/medium/ex2_1_9.cov
*******************************************************

running............

[32m optimization successful!
[0m
 f* in	[-0.375375382132,-0.375000006749]
	(best bound)

 x* =	(0 ; 0 ; 0 ; 0.25 ; 0.25 ; 0.250000009 ; 0.25 ; 0 ; 0 ; 0)
	(best feasible point)

 relative precision on f*:	0.001[32m [passed] [0m
 absolute precision on f*:	0.000375375382133
 cpu time used:			7.82829300001s
 number of cells:		5176

 results written in benchs/optim/medium/ex2_1_9.cov
 (old file saved in benchs/optim/medium/ex2_1_9.cov~)

************************ setup ************************
  file loaded:		benchs/optim/medium/ex2_1_9.bch
  random seed:		2
  output COV file:	benchs/optim/medium/ex2_1_9.cov
*******************************************************

running............

[32m optimization successful!
[0m
 f* in	[-0.375375382132,-0.375000006749]
	(best bound)

 x* =	(0 ; 0 ; 0 ; 0.25 ; 0.25 ; 0.250000009 ; 0.25 ; 0 ; 0 ; 0)
	(best feasible point)

 relative precision on f*:	0.001[32m [passed] [0m
 absolute precision on f*:	0.000375375382133
 cpu time used:			7.95521900001s
 number of cells:		5176

 results written in benchs/optim/medium/ex2_1_9.cov
 (old file saved in benchs/optim/medium/ex2_1_9.cov~)

************************ setup ************************
  file loaded:		benchs/optim/medium/ex2_1_9.bch
  random seed:		3
  output COV file:	benchs/optim/medium/ex2_1_9.cov
*******************************************************

running............

[32m optimization successful!
[0m
 f* in	[-0.375375382132,-0.375000006749]
	(best bound)

 x* =	(0 ; 0 ; 0 ; 0.25 ; 0.25 ; 0.250000009 ; 0.25 ; 0 ; 0 ; 0)
	(best feasible point)

 relative precision on f*:	0.001[32m [passed] [0m
 absolute precision on f*:	0.000375375382133
 cpu time used:			7.80968200001s
 number of cells:		5048

 results written in benchs/optim/medium/ex2_1_9.cov
 (old file saved in benchs/optim/medium/ex2_1_9.cov~)

************************ setup ************************
  file loaded:		benchs/optim/medium/ex2_1_9.bch
  random seed:		3
  output COV file:	benchs/optim/medium/ex2_1_9.cov
*******************************************************

running............

[32m optimization successful!
[0m
 f* in	[-0.375375382132,-0.375000006749]
	(best bound)

 x* =	(0 ; 0 ; 0 ; 0.25 ; 0.25 ; 0.250000009 ; 0.25 ; 0 ; 0 ; 0)
	(best feasible point)

 relative precision on f*:	0.001[32m [passed] [0m
 absolute precision on f*:	0.000375375382133
 cpu time used:			7.88087100001s
 number of cells:		5048

 results written in benchs/optim/medium/ex2_1_9.cov
 (old file saved in benchs/optim/medium/ex2_1_9.cov~)

************************ setup ************************
  file loaded:		benchs/optim/medium/ex2_1_9.bch
  random seed:		3
  output COV file:	benchs/optim/medium/ex2_1_9.cov
*******************************************************

running............

[32m optimization successful!
[0m
 f* in	[-0.375375382132,-0.375000006749]
	(best bound)

 x* =	(0 ; 0 ; 0 ; 0.25 ; 0.25 ; 0.250000009 ; 0.25 ; 0 ; 0 ; 0)
	(best feasible point)

 relative precision on f*:	0.001[32m [passed] [0m
 absolute precision on f*:	0.000375375382133
 cpu time used:			8.48606500001s
 number of cells:		5048

 results written in benchs/optim/medium/ex2_1_9.cov
 (old file saved in benchs/optim/medium/ex2_1_9.cov~)

************************ setup ************************
  file loaded:		benchs/optim/medium/ex2_1_9.bch
  random seed:		3
  output COV file:	benchs/optim/medium/ex2_1_9.cov
*******************************************************

running............

[32m optimization successful!
[0m
 f* in	[-0.375375382132,-0.375000006749]
	(best bound)

 x* =	(0 ; 0 ; 0 ; 0.25 ; 0.25 ; 0.250000009 ; 0.25 ; 0 ; 0 ; 0)
	(best feasible point)

 relative precision on f*:	0.001[32m [passed] [0m
 absolute precision on f*:	0.000375375382133
 cpu time used:			8.08311700001s
 number of cells:		5048

 results written in benchs/optim/medium/ex2_1_9.cov
 (old file saved in benchs/optim/medium/ex2_1_9.cov~)

************************ setup ************************
  file loaded:		benchs/optim/medium/ex2_1_9.bch
  random seed:		3
  output COV file:	benchs/optim/medium/ex2_1_9.cov
*******************************************************

running............

[32m optimization successful!
[0m
 f* in	[-0.375375382132,-0.375000006749]
	(best bound)

 x* =	(0 ; 0 ; 0 ; 0.25 ; 0.25 ; 0.250000009 ; 0.25 ; 0 ; 0 ; 0)
	(best feasible point)

 relative precision on f*:	0.001[32m [passed] [0m
 absolute precision on f*:	0.000375375382133
 cpu time used:			7.79170900001s
 number of cells:		5048

 results written in benchs/optim/medium/ex2_1_9.cov
 (old file saved in benchs/optim/medium/ex2_1_9.cov~)

************************ setup ************************
  file loaded:		benchs/optim/medium/ex2_1_9.bch
  random seed:		4
  output COV file:	benchs/optim/medium/ex2_1_9.cov
*******************************************************

running............

[32m optimization successful!
[0m
 f* in	[-0.375374534801,-0.374999160266]
	(best bound)

 x* =	(0 ; 0 ; 0 ; 0.25 ; 0.249079959221 ; 0.25092004978 ; 0.25 ; 0 ; 0 ; 0)
	(best feasible point)

 relative precision on f*:	0.001[32m [passed] [0m
 absolute precision on f*:	0.000375374534802
 cpu time used:			7.78714600001s
 number of cells:		5284

 results written in benchs/optim/medium/ex2_1_9.cov
 (old file saved in benchs/optim/medium/ex2_1_9.cov~)

************************ setup ************************
  file loaded:		benchs/optim/medium/ex2_1_9.bch
  random seed:		4
  output COV file:	benchs/optim/medium/ex2_1_9.cov
*******************************************************

running............

[32m optimization successful!
[0m
 f* in	[-0.375374534801,-0.374999160266]
	(best bound)

 x* =	(0 ; 0 ; 0 ; 0.25 ; 0.249079959221 ; 0.25092004978 ; 0.25 ; 0 ; 0 ; 0)
	(best feasible point)

 relative precision on f*:	0.001[32m [passed] [0m
 absolute precision on f*:	0.000375374534802
 cpu time used:			7.95710500001s
 number of cells:		5284

 results written in benchs/optim/medium/ex2_1_9.cov
 (old file saved in benchs/optim/medium/ex2_1_9.cov~)

************************ setup ************************
  file loaded:		benchs/optim/medium/ex2_1_9.bch
  random seed:		4
  output COV file:	benchs/optim/medium/ex2_1_9.cov
*******************************************************

running............

[32m optimization successful!
[0m
 f* in	[-0.375374534801,-0.374999160266]
	(best bound)

 x* =	(0 ; 0 ; 0 ; 0.25 ; 0.249079959221 ; 0.25092004978 ; 0.25 ; 0 ; 0 ; 0)
	(best feasible point)

 relative precision on f*:	0.001[32m [passed] [0m
 absolute precision on f*:	0.000375374534802
 cpu time used:			7.97635300001s
 number of cells:		5284

 results written in benchs/optim/medium/ex2_1_9.cov
 (old file saved in benchs/optim/medium/ex2_1_9.cov~)

************************ setup ************************
  file loaded:		benchs/optim/medium/ex2_1_9.bch
  random seed:		4
  output COV file:	benchs/optim/medium/ex2_1_9.cov
*******************************************************

running............

[32m optimization successful!
[0m
 f* in	[-0.375374534801,-0.374999160266]
	(best bound)

 x* =	(0 ; 0 ; 0 ; 0.25 ; 0.249079959221 ; 0.25092004978 ; 0.25 ; 0 ; 0 ; 0)
	(best feasible point)

 relative precision on f*:	0.001[32m [passed] [0m
 absolute precision on f*:	0.000375374534802
 cpu time used:			7.82908100001s
 number of cells:		5284

 results written in benchs/optim/medium/ex2_1_9.cov
 (old file saved in benchs/optim/medium/ex2_1_9.cov~)

************************ setup ************************
  file loaded:		benchs/optim/medium/ex2_1_9.bch
  random seed:		4
  output COV file:	benchs/optim/medium/ex2_1_9.cov
*******************************************************

running............

[32m optimization successful!
[0m
 f* in	[-0.375374534801,-0.374999160266]
	(best bound)

 x* =	(0 ; 0 ; 0 ; 0.25 ; 0.249079959221 ; 0.25092004978 ; 0.25 ; 0 ; 0 ; 0)
	(best feasible point)

 relative precision on f*:	0.001[32m [passed] [0m
 absolute precision on f*:	0.000375374534802
 cpu time used:			7.86457500001s
 number of cells:		5284

 results written in benchs/optim/medium/ex2_1_9.cov
 (old file saved in benchs/optim/medium/ex2_1_9.cov~)

************************ setup ************************
  file loaded:		benchs/optim/medium/ex2_1_9.bch
  random seed:		5
  output COV file:	benchs/optim/medium/ex2_1_9.cov
*******************************************************

running............

[32m optimization successful!
[0m
 f* in	[-0.375371269376,-0.374995898106]
	(best bound)

 x* =	(0 ; 0 ; 0 ; 0.247973025636 ; 0.25 ; 0.252026983365 ; 0.25 ; 0 ; 0 ; 0)
	(best feasible point)

 relative precision on f*:	0.001[32m [passed] [0m
 absolute precision on f*:	0.000375371269377
 cpu time used:			7.80644000001s
 number of cells:		5170

 results written in benchs/optim/medium/ex2_1_9.cov
 (old file saved in benchs/optim/medium/ex2_1_9.cov~)

************************ setup ************************
  file loaded:		benchs/optim/medium/ex2_1_9.bch
  random seed:		5
  output COV file:	benchs/optim/medium/ex2_1_9.cov
*******************************************************

running............

[32m optimization successful!
[0m
 f* in	[-0.375371269376,-0.374995898106]
	(best bound)

 x* =	(0 ; 0 ; 0 ; 0.247973025636 ; 0.25 ; 0.252026983365 ; 0.25 ; 0 ; 0 ; 0)
	(best feasible point)

 relative precision on f*:	0.001[32m [passed] [0m
 absolute precision on f*:	0.000375371269377
 cpu time used:			8.07357500001s
 number of cells:		5170

 results written in benchs/optim/medium/ex2_1_9.cov
 (old file saved in benchs/optim/medium/ex2_1_9.cov~)

************************ setup ************************
  file loaded:		benchs/optim/medium/ex2_1_9.bch
  random seed:		5
  output COV file:	benchs/optim/medium/ex2_1_9.cov
*******************************************************

running............

[32m optimization successful!
[0m
 f* in	[-0.375371269376,-0.374995898106]
	(best bound)

 x* =	(0 ; 0 ; 0 ; 0.247973025636 ; 0.25 ; 0.252026983365 ; 0.25 ; 0 ; 0 ; 0)
	(best feasible point)

 relative precision on f*:	0.001[32m [passed] [0m
 absolute precision on f*:	0.000375371269377
 cpu time used:			7.89181200001s
 number of cells:		5170

 results written in benchs/optim/medium/ex2_1_9.cov
 (old file saved in benchs/optim/medium/ex2_1_9.cov~)

************************ setup ************************
  file loaded:		benchs/optim/medium/ex2_1_9.bch
  random seed:		5
  output COV file:	benchs/optim/medium/ex2_1_9.cov
*******************************************************

running............

[32m optimization successful!
[0m
 f* in	[-0.375371269376,-0.374995898106]
	(best bound)

 x* =	(0 ; 0 ; 0 ; 0.247973025636 ; 0.25 ; 0.252026983365 ; 0.25 ; 0 ; 0 ; 0)
	(best feasible point)

 relative precision on f*:	0.001[32m [passed] [0m
 absolute precision on f*:	0.000375371269377
 cpu time used:			8.36595500001s
 number of cells:		5170

 results written in benchs/optim/medium/ex2_1_9.cov
 (old file saved in benchs/optim/medium/ex2_1_9.cov~)

************************ setup ************************
  file loaded:		benchs/optim/medium/ex2_1_9.bch
  random seed:		5
  output COV file:	benchs/optim/medium/ex2_1_9.cov
*******************************************************

running............

[32m optimization successful!
[0m
 f* in	[-0.375371269376,-0.374995898106]
	(best bound)

 x* =	(0 ; 0 ; 0 ; 0.247973025636 ; 0.25 ; 0.252026983365 ; 0.25 ; 0 ; 0 ; 0)
	(best feasible point)

 relative precision on f*:	0.001[32m [passed] [0m
 absolute precision on f*:	0.000375371269377
 cpu time used:			8.03985100001s
 number of cells:		5170

 results written in benchs/optim/medium/ex2_1_9.cov
 (old file saved in benchs/optim/medium/ex2_1_9.cov~)

************************ setup ************************
  file loaded:		benchs/optim/with10valorless/odfits
  random seed:		1
  output COV file:	benchs/optim/with10valorless/odfits.cov
*******************************************************

running............

[32m optimization successful!
[0m
 f* in	[-2382.36436463,-2379.98200026]
	(best bound)

 x* =	(96.7298558561 ; 492.521834388 ; 400.335701152 ; 164.985244078 ; 96.7298558661 ; 492.521834386 ; 400.335701143 ; 1057.84277963 ; 565.32094524 ; 164.985244088)
	(best feasible point)

 relative precision on f*:	0.001[32m [passed] [0m
 absolute precision on f*:	2.38236436464
 cpu time used:			35.0527400001s
 number of cells:		17762

 results written in benchs/optim/with10valorless/odfits.cov

************************ setup ************************
  file loaded:		benchs/optim/with10valorless/odfits
  random seed:		1
  output COV file:	benchs/optim/with10valorless/odfits.cov
*******************************************************

running............

