
************************ setup ************************
  file loaded:		benchs/optim/with10valorless/hs103
  random seed:		1
  output COV file:	benchs/optim/with10valorless/hs103.cov
*******************************************************

running............

[32m optimization successful!
[0m
 f* in	[543.253768715,543.797022484]
	(best bound)

 x* =	(4.38640459649 ; 0.854003451277 ; 2.84948079538 ; 3.42150458825 ; 0.727462146965 ; 0.875860819961 ; 0.0247982676822)
	(best feasible point)

 relative precision on f*:	0.001[32m [passed] [0m
 absolute precision on f*:	0.543253768715
 cpu time used:			664.540871001s
 number of cells:		267870

 results written in benchs/optim/with10valorless/hs103.cov

************************ setup ************************
  file loaded:		benchs/optim/with10valorless/hs103
  random seed:		1
  output COV file:	benchs/optim/with10valorless/hs103.cov
*******************************************************

running............

[32m optimization successful!
[0m
 f* in	[543.181134728,543.724315863]
	(best bound)

 x* =	(4.3870845154 ; 0.854191066519 ; 2.84480854535 ; 3.41101243773 ; 0.724884891299 ; 0.873011901007 ; 0.0247790042469)
	(best feasible point)

 relative precision on f*:	0.001[32m [passed] [0m
 absolute precision on f*:	0.543181134728
 cpu time used:			663.455209001s
 number of cells:		248224

 results written in benchs/optim/with10valorless/hs103.cov
 (old file saved in benchs/optim/with10valorless/hs103.cov~)

************************ setup ************************
  file loaded:		benchs/optim/with10valorless/hs103
  random seed:		1
  output COV file:	benchs/optim/with10valorless/hs103.cov
*******************************************************

running............

[32m optimization successful!
[0m
 f* in	[543.181134728,543.724315863]
	(best bound)

 x* =	(4.3870845154 ; 0.854191066519 ; 2.84480854535 ; 3.41101243773 ; 0.724884891299 ; 0.873011901007 ; 0.0247790042469)
	(best feasible point)

 relative precision on f*:	0.001[32m [passed] [0m
 absolute precision on f*:	0.543181134728
 cpu time used:			664.596677001s
 number of cells:		248224

 results written in benchs/optim/with10valorless/hs103.cov
 (old file saved in benchs/optim/with10valorless/hs103.cov~)

************************ setup ************************
  file loaded:		benchs/optim/with10valorless/hs103
  random seed:		1
  output COV file:	benchs/optim/with10valorless/hs103.cov
*******************************************************

running............

[32m optimization successful!
[0m
 f* in	[543.181134728,543.724315863]
	(best bound)

 x* =	(4.3870845154 ; 0.854191066519 ; 2.84480854535 ; 3.41101243773 ; 0.724884891299 ; 0.873011901007 ; 0.0247790042469)
	(best feasible point)

 relative precision on f*:	0.001[32m [passed] [0m
 absolute precision on f*:	0.543181134728
 cpu time used:			648.542635001s
 number of cells:		248224

 results written in benchs/optim/with10valorless/hs103.cov
 (old file saved in benchs/optim/with10valorless/hs103.cov~)

************************ setup ************************
  file loaded:		benchs/optim/with10valorless/hs103
  random seed:		1
  output COV file:	benchs/optim/with10valorless/hs103.cov
*******************************************************

running............

[32m optimization successful!
[0m
 f* in	[543.236278275,543.779514554]
	(best bound)

 x* =	(4.39459612536 ; 0.853314070502 ; 2.84752174587 ; 3.39553063209 ; 0.723248317432 ; 0.869844179061 ; 0.0248221644787)
	(best feasible point)

 relative precision on f*:	0.001[32m [passed] [0m
 absolute precision on f*:	0.543236278275
 cpu time used:			663.986919001s
 number of cells:		260782

 results written in benchs/optim/with10valorless/hs103.cov
 (old file saved in benchs/optim/with10valorless/hs103.cov~)

************************ setup ************************
  file loaded:		benchs/optim/with10valorless/hs103
  random seed:		2
  output COV file:	benchs/optim/with10valorless/hs103.cov
*******************************************************

running............

[32m optimization successful!
[0m
 f* in	[543.235802009,543.779037811]
	(best bound)

 x* =	(4.40637483469 ; 0.85504356825 ; 2.84901585444 ; 3.40412273365 ; 0.724792049741 ; 0.871939323923 ; 0.0243289184571)
	(best feasible point)

 relative precision on f*:	0.001[32m [passed] [0m
 absolute precision on f*:	0.543235802009
 cpu time used:			754.675512001s
 number of cells:		269962

 results written in benchs/optim/with10valorless/hs103.cov
 (old file saved in benchs/optim/with10valorless/hs103.cov~)

************************ setup ************************
  file loaded:		benchs/optim/with10valorless/hs103
  random seed:		2
  output COV file:	benchs/optim/with10valorless/hs103.cov
*******************************************************

running............

[32m optimization successful!
[0m
 f* in	[543.189050478,543.732239529]
	(best bound)

 x* =	(4.37612464995 ; 0.855217306861 ; 2.83482970016 ; 3.41598042947 ; 0.723249709556 ; 0.872943999237 ; 0.0247862243653)
	(best feasible point)

 relative precision on f*:	0.001[32m [passed] [0m
 absolute precision on f*:	0.543189050478
 cpu time used:			741.134046001s
 number of cells:		257730

 results written in benchs/optim/with10valorless/hs103.cov
 (old file saved in benchs/optim/with10valorless/hs103.cov~)

************************ setup ************************
  file loaded:		benchs/optim/with10valorless/hs103
  random seed:		2
  output COV file:	benchs/optim/with10valorless/hs103.cov
*******************************************************

running............

[32m optimization successful!
[0m
 f* in	[543.235802009,543.779037811]
	(best bound)

 x* =	(4.40637483469 ; 0.85504356825 ; 2.84901585444 ; 3.40412273365 ; 0.724792049741 ; 0.871939323923 ; 0.0243289184571)
	(best feasible point)

 relative precision on f*:	0.001[32m [passed] [0m
 absolute precision on f*:	0.543235802009
 cpu time used:			703.013005001s
 number of cells:		269962

 results written in benchs/optim/with10valorless/hs103.cov
 (old file saved in benchs/optim/with10valorless/hs103.cov~)

************************ setup ************************
  file loaded:		benchs/optim/with10valorless/hs103
  random seed:		2
  output COV file:	benchs/optim/with10valorless/hs103.cov
*******************************************************

running............

[32m optimization successful!
[0m
 f* in	[543.189050478,543.732239529]
	(best bound)

 x* =	(4.37612464995 ; 0.855217306861 ; 2.83482970016 ; 3.41598042947 ; 0.723249709556 ; 0.872943999237 ; 0.0247862243653)
	(best feasible point)

 relative precision on f*:	0.001[32m [passed] [0m
 absolute precision on f*:	0.543189050478
 cpu time used:			616.898939001s
 number of cells:		257730

 results written in benchs/optim/with10valorless/hs103.cov
 (old file saved in benchs/optim/with10valorless/hs103.cov~)

************************ setup ************************
  file loaded:		benchs/optim/with10valorless/hs103
  random seed:		2
  output COV file:	benchs/optim/with10valorless/hs103.cov
*******************************************************

running............

[32m optimization successful!
[0m
 f* in	[543.189050478,543.732239529]
	(best bound)

 x* =	(4.37612464995 ; 0.855217306861 ; 2.83482970016 ; 3.41598042947 ; 0.723249709556 ; 0.872943999237 ; 0.0247862243653)
	(best feasible point)

 relative precision on f*:	0.001[32m [passed] [0m
 absolute precision on f*:	0.543189050478
 cpu time used:			636.120294001s
 number of cells:		257730

 results written in benchs/optim/with10valorless/hs103.cov
 (old file saved in benchs/optim/with10valorless/hs103.cov~)

************************ setup ************************
  file loaded:		benchs/optim/with10valorless/hs103
  random seed:		3
  output COV file:	benchs/optim/with10valorless/hs103.cov
*******************************************************

running............

[32m optimization successful!
[0m
 f* in	[543.242679198,543.785921877]
	(best bound)

 x* =	(4.38075966054 ; 0.856786039472 ; 2.82287107753 ; 3.39995260605 ; 0.718049853153 ; 0.867930484496 ; 0.0244813537598)
	(best feasible point)

 relative precision on f*:	0.001[32m [passed] [0m
 absolute precision on f*:	0.543242679198
 cpu time used:			669.780562001s
 number of cells:		270962

 results written in benchs/optim/with10valorless/hs103.cov
 (old file saved in benchs/optim/with10valorless/hs103.cov~)

************************ setup ************************
  file loaded:		benchs/optim/with10valorless/hs103
  random seed:		3
  output COV file:	benchs/optim/with10valorless/hs103.cov
*******************************************************

running............

[32m optimization successful!
[0m
 f* in	[543.242679198,543.785921877]
	(best bound)

 x* =	(4.38075966054 ; 0.856786039472 ; 2.82287107753 ; 3.39995260605 ; 0.718049853153 ; 0.867930484496 ; 0.0244813537598)
	(best feasible point)

 relative precision on f*:	0.001[32m [passed] [0m
 absolute precision on f*:	0.543242679198
 cpu time used:			679.037111001s
 number of cells:		270962

 results written in benchs/optim/with10valorless/hs103.cov
 (old file saved in benchs/optim/with10valorless/hs103.cov~)

************************ setup ************************
  file loaded:		benchs/optim/with10valorless/hs103
  random seed:		3
  output COV file:	benchs/optim/with10valorless/hs103.cov
*******************************************************

running............

[32m optimization successful!
[0m
 f* in	[543.242679198,543.785921877]
	(best bound)

 x* =	(4.38075966054 ; 0.856786039472 ; 2.82287107753 ; 3.39995260605 ; 0.718049853153 ; 0.867930484496 ; 0.0244813537598)
	(best feasible point)

 relative precision on f*:	0.001[32m [passed] [0m
 absolute precision on f*:	0.543242679198
 cpu time used:			691.341702001s
 number of cells:		270962

 results written in benchs/optim/with10valorless/hs103.cov
 (old file saved in benchs/optim/with10valorless/hs103.cov~)

************************ setup ************************
  file loaded:		benchs/optim/with10valorless/hs103
  random seed:		3
  output COV file:	benchs/optim/with10valorless/hs103.cov
*******************************************************

running............

[32m optimization successful!
[0m
 f* in	[543.229762902,543.772992665]
	(best bound)

 x* =	(4.411050121 ; 0.854625367533 ; 2.85116339526 ; 3.39694294473 ; 0.724243622096 ; 0.870596754117 ; 0.024332371015)
	(best feasible point)

 relative precision on f*:	0.001[32m [passed] [0m
 absolute precision on f*:	0.543229762902
 cpu time used:			682.542324001s
 number of cells:		255348

 results written in benchs/optim/with10valorless/hs103.cov
 (old file saved in benchs/optim/with10valorless/hs103.cov~)

************************ setup ************************
  file loaded:		benchs/optim/with10valorless/hs103
  random seed:		3
  output COV file:	benchs/optim/with10valorless/hs103.cov
*******************************************************

running............

[32m optimization successful!
[0m
 f* in	[543.242679198,543.785921877]
	(best bound)

 x* =	(4.38075966054 ; 0.856786039472 ; 2.82287107753 ; 3.39995260605 ; 0.718049853153 ; 0.867930484496 ; 0.0244813537598)
	(best feasible point)

 relative precision on f*:	0.001[32m [passed] [0m
 absolute precision on f*:	0.543242679198
 cpu time used:			648.396166001s
 number of cells:		270962

 results written in benchs/optim/with10valorless/hs103.cov
 (old file saved in benchs/optim/with10valorless/hs103.cov~)

************************ setup ************************
  file loaded:		benchs/optim/with10valorless/hs103
  random seed:		4
  output COV file:	benchs/optim/with10valorless/hs103.cov
*******************************************************

running............

[32m optimization successful!
[0m
 f* in	[543.255635664,543.798891299]
	(best bound)

 x* =	(4.42216285421 ; 0.854617309265 ; 2.85192397545 ; 3.38285748616 ; 0.722345174153 ; 0.867517255065 ; 0.0241764831543)
	(best feasible point)

 relative precision on f*:	0.001[32m [passed] [0m
 absolute precision on f*:	0.543255635664
 cpu time used:			635.497567001s
 number of cells:		262244

 results written in benchs/optim/with10valorless/hs103.cov
 (old file saved in benchs/optim/with10valorless/hs103.cov~)

************************ setup ************************
  file loaded:		benchs/optim/with10valorless/hs103
  random seed:		4
  output COV file:	benchs/optim/with10valorless/hs103.cov
*******************************************************

running............

[32m optimization successful!
[0m
 f* in	[543.255635664,543.798891299]
	(best bound)

 x* =	(4.42216285421 ; 0.854617309265 ; 2.85192397545 ; 3.38285748616 ; 0.722345174153 ; 0.867517255065 ; 0.0241764831543)
	(best feasible point)

 relative precision on f*:	0.001[32m [passed] [0m
 absolute precision on f*:	0.543255635664
 cpu time used:			681.295559001s
 number of cells:		262244

 results written in benchs/optim/with10valorless/hs103.cov
 (old file saved in benchs/optim/with10valorless/hs103.cov~)

************************ setup ************************
  file loaded:		benchs/optim/with10valorless/hs103
  random seed:		4
  output COV file:	benchs/optim/with10valorless/hs103.cov
*******************************************************

running............

[32m optimization successful!
[0m
 f* in	[543.20348238,543.746685863]
	(best bound)

 x* =	(4.3800105634 ; 0.854726424719 ; 2.83099031818 ; 3.39467921591 ; 0.719271832116 ; 0.86774068709 ; 0.0248409607688)
	(best feasible point)

 relative precision on f*:	0.001[32m [passed] [0m
 absolute precision on f*:	0.54320348238
 cpu time used:			688.898364001s
 number of cells:		256564

 results written in benchs/optim/with10valorless/hs103.cov
 (old file saved in benchs/optim/with10valorless/hs103.cov~)

************************ setup ************************
  file loaded:		benchs/optim/with10valorless/hs103
  random seed:		4
  output COV file:	benchs/optim/with10valorless/hs103.cov
*******************************************************

running............

[32m optimization successful!
[0m
 f* in	[543.20348238,543.746685863]
	(best bound)

 x* =	(4.3800105634 ; 0.854726424719 ; 2.83099031818 ; 3.39467921591 ; 0.719271832116 ; 0.86774068709 ; 0.0248409607688)
	(best feasible point)

 relative precision on f*:	0.001[32m [passed] [0m
 absolute precision on f*:	0.54320348238
 cpu time used:			657.882426001s
 number of cells:		256564

 results written in benchs/optim/with10valorless/hs103.cov
 (old file saved in benchs/optim/with10valorless/hs103.cov~)

************************ setup ************************
  file loaded:		benchs/optim/with10valorless/hs103
  random seed:		4
  output COV file:	benchs/optim/with10valorless/hs103.cov
*******************************************************

running............

[32m optimization successful!
[0m
 f* in	[543.20348238,543.746685863]
	(best bound)

 x* =	(4.3800105634 ; 0.854726424719 ; 2.83099031818 ; 3.39467921591 ; 0.719271832116 ; 0.86774068709 ; 0.0248409607688)
	(best feasible point)

 relative precision on f*:	0.001[32m [passed] [0m
 absolute precision on f*:	0.54320348238
 cpu time used:			656.155387001s
 number of cells:		256564

 results written in benchs/optim/with10valorless/hs103.cov
 (old file saved in benchs/optim/with10valorless/hs103.cov~)

************************ setup ************************
  file loaded:		benchs/optim/with10valorless/hs103
  random seed:		5
  output COV file:	benchs/optim/with10valorless/hs103.cov
*******************************************************

running............

[32m optimization successful!
[0m
 f* in	[543.25311193,543.796365042]
	(best bound)

 x* =	(4.37380948428 ; 0.85317669954 ; 2.83969143737 ; 3.40548660918 ; 0.722892477008 ; 0.871162628154 ; 0.0251774193674)
	(best feasible point)

 relative precision on f*:	0.001[32m [passed] [0m
 absolute precision on f*:	0.54325311193
 cpu time used:			639.878849001s
 number of cells:		273590

 results written in benchs/optim/with10valorless/hs103.cov
 (old file saved in benchs/optim/with10valorless/hs103.cov~)

************************ setup ************************
  file loaded:		benchs/optim/with10valorless/hs103
  random seed:		5
  output COV file:	benchs/optim/with10valorless/hs103.cov
*******************************************************

running............

[32m optimization successful!
[0m
 f* in	[543.215227632,543.758442859]
	(best bound)

 x* =	(4.3808644155 ; 0.85384417799 ; 2.84225670284 ; 3.40984916777 ; 0.724121608255 ; 0.872438502108 ; 0.0249412330659)
	(best feasible point)

 relative precision on f*:	0.001[32m [passed] [0m
 absolute precision on f*:	0.543215227631
 cpu time used:			636.492242001s
 number of cells:		261306

 results written in benchs/optim/with10valorless/hs103.cov
 (old file saved in benchs/optim/with10valorless/hs103.cov~)

************************ setup ************************
  file loaded:		benchs/optim/with10valorless/hs103
  random seed:		5
  output COV file:	benchs/optim/with10valorless/hs103.cov
*******************************************************

running............

[32m optimization successful!
[0m
 f* in	[543.215227632,543.758442859]
	(best bound)

 x* =	(4.3808644155 ; 0.85384417799 ; 2.84225670284 ; 3.40984916777 ; 0.724121608255 ; 0.872438502108 ; 0.0249412330659)
	(best feasible point)

 relative precision on f*:	0.001[32m [passed] [0m
 absolute precision on f*:	0.543215227631
 cpu time used:			627.180248001s
 number of cells:		261306

 results written in benchs/optim/with10valorless/hs103.cov
 (old file saved in benchs/optim/with10valorless/hs103.cov~)

************************ setup ************************
  file loaded:		benchs/optim/with10valorless/hs103
  random seed:		5
  output COV file:	benchs/optim/with10valorless/hs103.cov
*******************************************************

running............

[32m optimization successful!
[0m
 f* in	[543.25311193,543.796365042]
	(best bound)

 x* =	(4.37380948428 ; 0.85317669954 ; 2.83969143737 ; 3.40548660918 ; 0.722892477008 ; 0.871162628154 ; 0.0251774193674)
	(best feasible point)

 relative precision on f*:	0.001[32m [passed] [0m
 absolute precision on f*:	0.54325311193
 cpu time used:			657.475739001s
 number of cells:		273590

 results written in benchs/optim/with10valorless/hs103.cov
 (old file saved in benchs/optim/with10valorless/hs103.cov~)

************************ setup ************************
  file loaded:		benchs/optim/with10valorless/hs103
  random seed:		5
  output COV file:	benchs/optim/with10valorless/hs103.cov
*******************************************************

running............

