
************************ setup ************************
  file loaded:		benchs/optim/with10valorless/hs103
  random seed:		1
  output COV file:	benchs/optim/with10valorless/hs103.cov
*******************************************************

running............

[32m optimization successful!
[0m
 f* in	[543.294862861,543.838157723]
	(best bound)

 x* =	(4.40696602856 ; 0.854910417451 ; 2.83599812303 ; 3.37049143952 ; 0.716833629977 ; 0.862871656136 ; 0.0244020873991)
	(best feasible point)

 relative precision on f*:	0.001[32m [passed] [0m
 absolute precision on f*:	0.54329486286
 cpu time used:			658.447713001s
 number of cells:		264750

 results written in benchs/optim/with10valorless/hs103.cov
 (old file saved in benchs/optim/with10valorless/hs103.cov~)

************************ setup ************************
  file loaded:		benchs/optim/with10valorless/hs103
  random seed:		1
  output COV file:	benchs/optim/with10valorless/hs103.cov
*******************************************************

running............

[32m optimization successful!
[0m
 f* in	[543.294862861,543.838157723]
	(best bound)

 x* =	(4.40696602856 ; 0.854910417451 ; 2.83599812303 ; 3.37049143952 ; 0.716833629977 ; 0.862871656136 ; 0.0244020873991)
	(best feasible point)

 relative precision on f*:	0.001[32m [passed] [0m
 absolute precision on f*:	0.54329486286
 cpu time used:			644.645304001s
 number of cells:		264750

 results written in benchs/optim/with10valorless/hs103.cov
 (old file saved in benchs/optim/with10valorless/hs103.cov~)

************************ setup ************************
  file loaded:		benchs/optim/with10valorless/hs103
  random seed:		1
  output COV file:	benchs/optim/with10valorless/hs103.cov
*******************************************************

running............

[32m optimization successful!
[0m
 f* in	[543.252734001,543.795986735]
	(best bound)

 x* =	(4.39209385508 ; 0.855152737885 ; 2.84524168931 ; 3.41732501675 ; 0.72584389345 ; 0.874449558094 ; 0.024519652645)
	(best feasible point)

 relative precision on f*:	0.001[32m [passed] [0m
 absolute precision on f*:	0.543252734001
 cpu time used:			661.598215001s
 number of cells:		264682

 results written in benchs/optim/with10valorless/hs103.cov
 (old file saved in benchs/optim/with10valorless/hs103.cov~)

************************ setup ************************
  file loaded:		benchs/optim/with10valorless/hs103
  random seed:		1
  output COV file:	benchs/optim/with10valorless/hs103.cov
*******************************************************

running............

[32m optimization successful!
[0m
 f* in	[543.214234863,543.757449098]
	(best bound)

 x* =	(4.36466592122 ; 0.855372948477 ; 2.82729249606 ; 3.41667966873 ; 0.721583913518 ; 0.872188827319 ; 0.024953538601)
	(best feasible point)

 relative precision on f*:	0.001[32m [passed] [0m
 absolute precision on f*:	0.543214234863
 cpu time used:			698.667463001s
 number of cells:		264748

 results written in benchs/optim/with10valorless/hs103.cov
 (old file saved in benchs/optim/with10valorless/hs103.cov~)

************************ setup ************************
  file loaded:		benchs/optim/with10valorless/hs103
  random seed:		1
  output COV file:	benchs/optim/with10valorless/hs103.cov
*******************************************************

running............

[32m optimization successful!
[0m
 f* in	[543.294862861,543.838157723]
	(best bound)

 x* =	(4.40696602856 ; 0.854910417451 ; 2.83599812303 ; 3.37049143952 ; 0.716833629977 ; 0.862871656136 ; 0.0244020873991)
	(best feasible point)

 relative precision on f*:	0.001[32m [passed] [0m
 absolute precision on f*:	0.54329486286
 cpu time used:			803.083495001s
 number of cells:		264750

 results written in benchs/optim/with10valorless/hs103.cov
 (old file saved in benchs/optim/with10valorless/hs103.cov~)

************************ setup ************************
  file loaded:		benchs/optim/with10valorless/hs103
  random seed:		2
  output COV file:	benchs/optim/with10valorless/hs103.cov
*******************************************************

running............

[32m optimization successful!
[0m
 f* in	[543.396497227,543.939893725]
	(best bound)

 x* =	(4.41715295171 ; 0.852284009765 ; 2.86353733704 ; 3.3898229184 ; 0.726079794613 ; 0.870298309736 ; 0.0246183494394)
	(best feasible point)

 relative precision on f*:	0.001[32m [passed] [0m
 absolute precision on f*:	0.543396497227
 cpu time used:			979.784380001s
 number of cells:		257466

 results written in benchs/optim/with10valorless/hs103.cov
 (old file saved in benchs/optim/with10valorless/hs103.cov~)

************************ setup ************************
  file loaded:		benchs/optim/with10valorless/hs103
  random seed:		2
  output COV file:	benchs/optim/with10valorless/hs103.cov
*******************************************************

running............

[32m optimization successful!
[0m
 f* in	[543.396497227,543.939893725]
	(best bound)

 x* =	(4.41715295171 ; 0.852284009765 ; 2.86353733704 ; 3.3898229184 ; 0.726079794613 ; 0.870298309736 ; 0.0246183494394)
	(best feasible point)

 relative precision on f*:	0.001[32m [passed] [0m
 absolute precision on f*:	0.543396497227
 cpu time used:			840.145845001s
 number of cells:		257466

 results written in benchs/optim/with10valorless/hs103.cov
 (old file saved in benchs/optim/with10valorless/hs103.cov~)

************************ setup ************************
  file loaded:		benchs/optim/with10valorless/hs103
  random seed:		2
  output COV file:	benchs/optim/with10valorless/hs103.cov
*******************************************************

running............

[32m optimization successful!
[0m
 f* in	[543.33016762,543.873497788]
	(best bound)

 x* =	(4.372600752 ; 0.85485995299 ; 2.83017000028 ; 3.40634569018 ; 0.720726024788 ; 0.870179307842 ; 0.0249125025823)
	(best feasible point)

 relative precision on f*:	0.001[32m [passed] [0m
 absolute precision on f*:	0.54333016762
 cpu time used:			908.495295001s
 number of cells:		269242

 results written in benchs/optim/with10valorless/hs103.cov
 (old file saved in benchs/optim/with10valorless/hs103.cov~)

************************ setup ************************
  file loaded:		benchs/optim/with10valorless/hs103
  random seed:		2
  output COV file:	benchs/optim/with10valorless/hs103.cov
*******************************************************

running............

